<?xml version="1.0" encoding="UTF-8"?><testrun duration="185564" footerText="Generated by IntelliJ IDEA on 01/06/21, 1:02 PM" name="/home/shafeeq/Work/Documents/Automation java/InterviewTraining/testng.xml">
    <count name="total" value="94"/>
    <count name="failed" value="4"/>
    <count name="passed" value="90"/>
    <config nameIsGenerated="true" configId="TestNG" name="/home/shafeeq/Work/Documents/Automation java/InterviewTraining/testng.xml">
        <module name="InterviewTraining"/>
        <useClassPathOnly/>
        <option name="SUITE_NAME" value="/home/shafeeq/Work/Documents/Automation java/InterviewTraining/testng.xml"/>
        <option name="PACKAGE_NAME" value=""/>
        <option name="MAIN_CLASS_NAME" value=""/>
        <option name="METHOD_NAME" value=""/>
        <option name="GROUP_NAME" value=""/>
        <option name="TEST_OBJECT" value="SUITE"/>
        <option name="PARAMETERS" value=""/>
        <option name="OUTPUT_DIRECTORY" value=""/>
        <option name="PROPERTIES_FILE" value=""/>
        <properties/>
        <listeners>
            <listener class="org.testng.reporters.EmailableReporter"/>
            <listener class="org.testng.reporters.EmailableReporter2"/>
            <listener class="org.testng.reporters.XMLReporter"/>
        </listeners>
    </config>
    <root name="New SUite for testing parallel" location="file:///home/shafeeq/Work/Documents/Automation java/InterviewTraining/testng.xml">
        <output type="stdout">/home/shafeeq/Work/javajdk/bin/java -ea -Didea.test.cyclic.buffer.size=1048576 -javaagent:/usr/local/idea-IU-203.8084.24/lib/idea_rt.jar=45627:/usr/local/idea-IU-203.8084.24/bin -Dfile.encoding=UTF-8 -classpath /usr/local/idea-IU-203.8084.24/lib/idea_rt.jar:/usr/local/idea-IU-203.8084.24/plugins/testng/lib/testng-rt.jar:/home/shafeeq/Work/Documents/Automation java/InterviewTraining/target/test-classes:/home/shafeeq/Work/Documents/Automation java/InterviewTraining/target/classes:/home/shafeeq/.m2/repository/org/seleniumhq/selenium/selenium-server/3.141.59/selenium-server-3.141.59.jar:/home/shafeeq/.m2/repository/org/seleniumhq/selenium/selenium-java/3.141.59/selenium-java-3.141.59.jar:/home/shafeeq/.m2/repository/org/seleniumhq/selenium/selenium-api/3.141.59/selenium-api-3.141.59.jar:/home/shafeeq/.m2/repository/org/seleniumhq/selenium/selenium-chrome-driver/3.141.59/selenium-chrome-driver-3.141.59.jar:/home/shafeeq/.m2/repository/org/seleniumhq/selenium/selenium-edge-driver/3.141.59/selenium-edge-driver-3.141.59.jar:/home/shafeeq/.m2/repository/org/seleniumhq/selenium/selenium-firefox-driver/3.141.59/selenium-firefox-driver-3.141.59.jar:/home/shafeeq/.m2/repository/org/seleniumhq/selenium/selenium-ie-driver/3.141.59/selenium-ie-driver-3.141.59.jar:/home/shafeeq/.m2/repository/org/seleniumhq/selenium/selenium-opera-driver/3.141.59/selenium-opera-driver-3.141.59.jar:/home/shafeeq/.m2/repository/org/seleniumhq/selenium/selenium-remote-driver/3.141.59/selenium-remote-driver-3.141.59.jar:/home/shafeeq/.m2/repository/org/seleniumhq/selenium/selenium-safari-driver/3.141.59/selenium-safari-driver-3.141.59.jar:/home/shafeeq/.m2/repository/org/seleniumhq/selenium/selenium-support/3.141.59/selenium-support-3.141.59.jar:/home/shafeeq/.m2/repository/com/beust/jcommander/1.72/jcommander-1.72.jar:/home/shafeeq/.m2/repository/net/bytebuddy/byte-buddy/1.8.15/byte-buddy-1.8.15.jar:/home/shafeeq/.m2/repository/org/apache/commons/commons-exec/1.3/commons-exec-1.3.jar:/home/shafeeq/.m2/repository/com/google/guava/guava/25.0-jre/guava-25.0-jre.jar:/home/shafeeq/.m2/repository/com/google/code/findbugs/jsr305/1.3.9/jsr305-1.3.9.jar:/home/shafeeq/.m2/repository/org/checkerframework/checker-compat-qual/2.0.0/checker-compat-qual-2.0.0.jar:/home/shafeeq/.m2/repository/com/google/errorprone/error_prone_annotations/2.1.3/error_prone_annotations-2.1.3.jar:/home/shafeeq/.m2/repository/com/google/j2objc/j2objc-annotations/1.1/j2objc-annotations-1.1.jar:/home/shafeeq/.m2/repository/org/codehaus/mojo/animal-sniffer-annotations/1.14/animal-sniffer-annotations-1.14.jar:/home/shafeeq/.m2/repository/net/jcip/jcip-annotations/1.0/jcip-annotations-1.0.jar:/home/shafeeq/.m2/repository/org/seleniumhq/selenium/jetty-repacked/9.4.12.v20180830/jetty-repacked-9.4.12.v20180830.jar:/home/shafeeq/.m2/repository/com/squareup/okhttp3/okhttp/3.11.0/okhttp-3.11.0.jar:/home/shafeeq/.m2/repository/com/squareup/okio/okio/1.14.0/okio-1.14.0.jar:/home/shafeeq/.m2/repository/javax/servlet/javax.servlet-api/3.1.0/javax.servlet-api-3.1.0.jar:/home/shafeeq/.m2/repository/org/yaml/snakeyaml/1.19/snakeyaml-1.19.jar:/home/shafeeq/.m2/repository/org/testng/testng/7.0.0/testng-7.0.0.jar:/home/shafeeq/.m2/repository/org/apache/poi/poi/4.1.1/poi-4.1.1.jar:/home/shafeeq/.m2/repository/commons-codec/commons-codec/1.13/commons-codec-1.13.jar:/home/shafeeq/.m2/repository/org/apache/commons/commons-collections4/4.4/commons-collections4-4.4.jar:/home/shafeeq/.m2/repository/org/apache/commons/commons-math3/3.6.1/commons-math3-3.6.1.jar:/home/shafeeq/.m2/repository/org/apache/poi/poi-ooxml/4.1.1/poi-ooxml-4.1.1.jar:/home/shafeeq/.m2/repository/org/apache/poi/poi-ooxml-schemas/4.1.1/poi-ooxml-schemas-4.1.1.jar:/home/shafeeq/.m2/repository/org/apache/xmlbeans/xmlbeans/3.1.0/xmlbeans-3.1.0.jar:/home/shafeeq/.m2/repository/org/apache/commons/commons-compress/1.19/commons-compress-1.19.jar:/home/shafeeq/.m2/repository/com/github/virtuald/curvesapi/1.06/curvesapi-1.06.jar:/home/shafeeq/.m2/repository/com/aventstack/extentreports/4.0.9/extentreports-4.0.9.jar:/home/shafeeq/.m2/repository/org/freemarker/freemarker/2.3.23/freemarker-2.3.23.jar:/home/shafeeq/.m2/repository/org/mongodb/mongodb-driver/3.3.0/mongodb-driver-3.3.0.jar:/home/shafeeq/.m2/repository/org/mongodb/mongodb-driver-core/3.3.0/mongodb-driver-core-3.3.0.jar:/home/shafeeq/.m2/repository/org/mongodb/bson/3.3.0/bson-3.3.0.jar:/home/shafeeq/.m2/repository/org/apache/httpcomponents/httpclient/4.5.2/httpclient-4.5.2.jar:/home/shafeeq/.m2/repository/org/apache/httpcomponents/httpcore/4.4.4/httpcore-4.4.4.jar:/home/shafeeq/.m2/repository/commons-logging/commons-logging/1.2/commons-logging-1.2.jar:/home/shafeeq/.m2/repository/org/apache/httpcomponents/httpmime/4.5.2/httpmime-4.5.2.jar:/home/shafeeq/.m2/repository/com/google/code/gson/gson/2.8.5/gson-2.8.5.jar:/home/shafeeq/.m2/repository/commons-io/commons-io/2.6/commons-io-2.6.jar com.intellij.rt.testng.RemoteTestNGStarter -usedefaultlisteners false -socket42125 @w@/tmp/idea_working_dirs_testng.tmp -temp /tmp/idea_testng.tmp
</output>
        <output type="stdout">===============================================
New SUite for testing parallel
Total tests run: 30, Passes: 26, Failures: 4, Skips: 0
===============================================
</output>
        <output type="stdout">Process finished with exit code 0
</output>
    </root>
    <suite duration="108012" locationUrl="file:///home/shafeeq/Work/Documents/Automation java/InterviewTraining/testng.xml" name="TestOnChrome" status="failed">
        <suite duration="108012" locationUrl="java:suite://Tests.TestScripts" name="TestScripts" status="failed">
            <test duration="2" locationUrl="java:test://Tests.TestScripts/testfive" name="TestScripts.testfive" status="passed">
                <output type="stdout">Iam inside testfive method25
</output>
            </test>
            <test duration="0" locationUrl="java:test://Tests.TestScripts/testfour" name="TestScripts.testfour" status="passed">
                <output type="stdout">Iam inside testfour method25
</output>
            </test>
            <test duration="20" locationUrl="java:test://Tests.TestScripts/testone" name="TestScripts.testone" status="passed"/>
            <test duration="7" locationUrl="java:test://Tests.TestScripts/testone[1]" name="TestScripts.testone (1)" status="passed"/>
            <test duration="9" locationUrl="java:test://Tests.TestScripts/testone[2]" name="TestScripts.testone (2)" status="passed"/>
            <test duration="6" locationUrl="java:test://Tests.TestScripts/testone[3]" name="TestScripts.testone (3)" status="passed"/>
            <test duration="6" locationUrl="java:test://Tests.TestScripts/testone[4]" name="TestScripts.testone (4)" status="passed"/>
            <test duration="12" locationUrl="java:test://Tests.TestScripts/testone[5]" name="TestScripts.testone (5)" status="passed">
                <output type="stdout">WIth Thread pool
Iam inside testone method28
</output>
            </test>
            <test duration="1" locationUrl="java:test://Tests.TestScripts/testsix" name="TestScripts.testsix" status="passed">
                <output type="stdout">Iam inside testsix method25
</output>
            </test>
            <test duration="1" locationUrl="java:test://Tests.TestScripts/testthree" name="TestScripts.testthree" status="passed">
                <output type="stdout">Iam inside testthree method25
</output>
            </test>
            <test duration="0" locationUrl="java:test://Tests.TestScripts/testwo" name="TestScripts.testwo" status="passed">
                <output type="stdout">Iam inside testtwo method25
</output>
            </test>
            <test duration="15716" locationUrl="java:test://Tests.TestScripts/Login" name="TestScripts.Login[demo@melbasiii.com, 1234567890]" status="failed">
                <output type="stdout">Username  : demo@melbasiii.com Password : 1234567890
This is title of the page : Melbasi (Melbasi™)
Current url of the page : https://qa.melbasi.com/admin7410a4zzu/index.php?controller=AdminLogin&amp;amp;token=7063c66666a41e72df9a6014e399ffaa&amp;amp;redirect=AdminDashboard
Invalid Creadentials : The username or password is wrong.
</output>
                <output type="stderr">java.lang.AssertionError: null
	at org.testng.Assert.fail(Assert.java:97)
	at org.testng.Assert.fail(Assert.java:102)
	at pom.loginPo.signIn(loginPo.java:64)
	at Tests.TestScripts.Login(TestScripts.java:27)
	at java.base/jdk.internal.reflect.NativeMethodAccessorImpl.invoke0(Native Method)
	at java.base/jdk.internal.reflect.NativeMethodAccessorImpl.invoke(NativeMethodAccessorImpl.java:78)
	at java.base/jdk.internal.reflect.DelegatingMethodAccessorImpl.invoke(DelegatingMethodAccessorImpl.java:43)
	at java.base/java.lang.reflect.Method.invoke(Method.java:567)
	at org.testng.internal.MethodInvocationHelper.invokeMethod(MethodInvocationHelper.java:133)
	at org.testng.internal.TestInvoker.invokeMethod(TestInvoker.java:584)
	at org.testng.internal.TestInvoker.invokeTestMethod(TestInvoker.java:172)
	at org.testng.internal.MethodRunner.runInSequence(MethodRunner.java:46)
	at org.testng.internal.TestInvoker$MethodInvocationAgent.invoke(TestInvoker.java:804)
	at org.testng.internal.TestInvoker.invokeTestMethods(TestInvoker.java:145)
	at org.testng.internal.TestMethodWorker.invokeTestMethods(TestMethodWorker.java:146)
	at org.testng.internal.TestMethodWorker.run(TestMethodWorker.java:128)
	at java.base/java.util.concurrent.ThreadPoolExecutor.runWorker(ThreadPoolExecutor.java:1130)
	at java.base/java.util.concurrent.ThreadPoolExecutor$Worker.run(ThreadPoolExecutor.java:630)
	at java.base/java.lang.Thread.run(Thread.java:831)
</output>
            </test>
            <test duration="51431" locationUrl="java:test://Tests.TestScripts/Login[1]" name="TestScripts.Login[demo@melbasi.com, 1234567890] (1)" status="passed">
                <output type="stdout">Username  : demo@melbasi.com Password : 1234567890
This is title of the page : Melbasi (Melbasi™)
Current url of the page : https://qa.melbasi.com/admin7410a4zzu/index.php?controller=AdminLogin&amp;amp;token=7063c66666a41e72df9a6014e399ffaa&amp;amp;redirect=AdminDashboard
Inside catch
Logined Inn Successfully 
</output>
            </test>
            <test duration="7145" locationUrl="java:test://Tests.TestScripts/Login[2]" name="TestScripts.Login[shafeek@melbasi.com, 1233672627626] (2)" status="failed">
                <output type="stdout">Username  : shafeek@melbasi.com Password : 1233672627626
This is title of the page : Melbasi (Melbasi™)
Current url of the page : https://qa.melbasi.com/admin7410a4zzu/index.php?controller=AdminLogin&amp;amp;token=7063c66666a41e72df9a6014e399ffaa&amp;amp;redirect=AdminDashboard
Invalid Creadentials : The username or password is wrong.
</output>
                <output type="stderr">java.lang.AssertionError: null
	at org.testng.Assert.fail(Assert.java:97)
	at org.testng.Assert.fail(Assert.java:102)
	at pom.loginPo.signIn(loginPo.java:64)
	at Tests.TestScripts.Login(TestScripts.java:27)
	at java.base/jdk.internal.reflect.NativeMethodAccessorImpl.invoke0(Native Method)
	at java.base/jdk.internal.reflect.NativeMethodAccessorImpl.invoke(NativeMethodAccessorImpl.java:78)
	at java.base/jdk.internal.reflect.DelegatingMethodAccessorImpl.invoke(DelegatingMethodAccessorImpl.java:43)
	at java.base/java.lang.reflect.Method.invoke(Method.java:567)
	at org.testng.internal.MethodInvocationHelper.invokeMethod(MethodInvocationHelper.java:133)
	at org.testng.internal.TestInvoker.invokeMethod(TestInvoker.java:584)
	at org.testng.internal.TestInvoker.invokeTestMethod(TestInvoker.java:172)
	at org.testng.internal.MethodRunner.runInSequence(MethodRunner.java:46)
	at org.testng.internal.TestInvoker$MethodInvocationAgent.invoke(TestInvoker.java:804)
	at org.testng.internal.TestInvoker.invokeTestMethods(TestInvoker.java:145)
	at org.testng.internal.TestMethodWorker.invokeTestMethods(TestMethodWorker.java:146)
	at org.testng.internal.TestMethodWorker.run(TestMethodWorker.java:128)
	at java.base/java.util.concurrent.ThreadPoolExecutor.runWorker(ThreadPoolExecutor.java:1130)
	at java.base/java.util.concurrent.ThreadPoolExecutor$Worker.run(ThreadPoolExecutor.java:630)
	at java.base/java.lang.Thread.run(Thread.java:831)
</output>
            </test>
            <test duration="23534" locationUrl="java:test://Tests.TestScripts/Login[3]" name="TestScripts.Login[demo@melbasi.com, 1234567890] (3)" status="passed">
                <output type="stdout">Username  : demo@melbasi.com Password : 1234567890
This is title of the page : Melbasi (Melbasi™)
Current url of the page : https://qa.melbasi.com/admin7410a4zzu/index.php?controller=AdminLogin&amp;amp;token=7063c66666a41e72df9a6014e399ffaa&amp;amp;redirect=AdminDashboard
Inside catch
Logined Inn Successfully 
</output>
            </test>
        </suite>
    </suite>
    <suite duration="77552" locationUrl="file:///home/shafeeq/Work/Documents/Automation java/InterviewTraining/testng.xml" name="TestOnFirefox" status="failed">
        <suite duration="77552" locationUrl="java:suite://Tests.TestScripts" name="TestScripts" status="failed">
            <test duration="1" locationUrl="java:test://Tests.TestScripts/testfive[1]" name="TestScripts.testfive (1)" status="passed">
                <output type="stdout">Iam inside testfive method41
</output>
            </test>
            <test duration="0" locationUrl="java:test://Tests.TestScripts/testfour[1]" name="TestScripts.testfour (1)" status="passed">
                <output type="stdout">Iam inside testfour method41
</output>
            </test>
            <test duration="2" locationUrl="java:test://Tests.TestScripts/testone[6]" name="TestScripts.testone (6)" status="passed"/>
            <test duration="3" locationUrl="java:test://Tests.TestScripts/testone[7]" name="TestScripts.testone (7)" status="passed"/>
            <test duration="9" locationUrl="java:test://Tests.TestScripts/testone[8]" name="TestScripts.testone (8)" status="passed"/>
            <test duration="1" locationUrl="java:test://Tests.TestScripts/testone[9]" name="TestScripts.testone (9)" status="passed"/>
            <test duration="4" locationUrl="java:test://Tests.TestScripts/testone[10]" name="TestScripts.testone (10)" status="passed"/>
            <test duration="4" locationUrl="java:test://Tests.TestScripts/testone[11]" name="TestScripts.testone (11)" status="passed">
                <output type="stdout">WIth Thread pool
Iam inside testone method44
</output>
            </test>
            <test duration="0" locationUrl="java:test://Tests.TestScripts/testsix[1]" name="TestScripts.testsix (1)" status="passed">
                <output type="stdout">Iam inside testsix method41
</output>
            </test>
            <test duration="0" locationUrl="java:test://Tests.TestScripts/testthree[1]" name="TestScripts.testthree (1)" status="passed">
                <output type="stdout">Iam inside testthree method41
</output>
            </test>
            <test duration="1" locationUrl="java:test://Tests.TestScripts/testwo[1]" name="TestScripts.testwo (1)" status="passed">
                <output type="stdout">Iam inside testtwo method41
</output>
            </test>
            <test duration="13628" locationUrl="java:test://Tests.TestScripts/Login[4]" name="TestScripts.Login[demo@melbasiii.com, 1234567890] (4)" status="failed">
                <output type="stdout">Username  : demo@melbasiii.com Password : 1234567890
This is title of the page : Melbasi (Melbasi™)
Current url of the page : https://qa.melbasi.com/admin7410a4zzu/index.php?controller=AdminLogin&amp;amp;token=7063c66666a41e72df9a6014e399ffaa&amp;amp;redirect=AdminDashboard
Invalid Creadentials : The username or password is wrong.
</output>
                <output type="stderr">java.lang.AssertionError: null
	at org.testng.Assert.fail(Assert.java:97)
	at org.testng.Assert.fail(Assert.java:102)
	at pom.loginPo.signIn(loginPo.java:64)
	at Tests.TestScripts.Login(TestScripts.java:27)
	at java.base/jdk.internal.reflect.NativeMethodAccessorImpl.invoke0(Native Method)
	at java.base/jdk.internal.reflect.NativeMethodAccessorImpl.invoke(NativeMethodAccessorImpl.java:78)
	at java.base/jdk.internal.reflect.DelegatingMethodAccessorImpl.invoke(DelegatingMethodAccessorImpl.java:43)
	at java.base/java.lang.reflect.Method.invoke(Method.java:567)
	at org.testng.internal.MethodInvocationHelper.invokeMethod(MethodInvocationHelper.java:133)
	at org.testng.internal.TestInvoker.invokeMethod(TestInvoker.java:584)
	at org.testng.internal.TestInvoker.invokeTestMethod(TestInvoker.java:172)
	at org.testng.internal.MethodRunner.runInSequence(MethodRunner.java:46)
	at org.testng.internal.TestInvoker$MethodInvocationAgent.invoke(TestInvoker.java:804)
	at org.testng.internal.TestInvoker.invokeTestMethods(TestInvoker.java:145)
	at org.testng.internal.TestMethodWorker.invokeTestMethods(TestMethodWorker.java:146)
	at org.testng.internal.TestMethodWorker.run(TestMethodWorker.java:128)
	at java.base/java.util.concurrent.ThreadPoolExecutor.runWorker(ThreadPoolExecutor.java:1130)
	at java.base/java.util.concurrent.ThreadPoolExecutor$Worker.run(ThreadPoolExecutor.java:630)
	at java.base/java.lang.Thread.run(Thread.java:831)
</output>
            </test>
            <test duration="20752" locationUrl="java:test://Tests.TestScripts/Login[5]" name="TestScripts.Login[demo@melbasi.com, 1234567890] (5)" status="passed">
                <output type="stdout">Username  : demo@melbasi.com Password : 1234567890
This is title of the page : Melbasi (Melbasi™)
Current url of the page : https://qa.melbasi.com/admin7410a4zzu/index.php?controller=AdminLogin&amp;amp;token=7063c66666a41e72df9a6014e399ffaa&amp;amp;redirect=AdminDashboard
Inside catch
Logined Inn Successfully 
</output>
            </test>
            <test duration="7175" locationUrl="java:test://Tests.TestScripts/Login[6]" name="TestScripts.Login[shafeek@melbasi.com, 1233672627626] (6)" status="failed">
                <output type="stdout">Username  : shafeek@melbasi.com Password : 1233672627626
This is title of the page : Melbasi (Melbasi™)
Current url of the page : https://qa.melbasi.com/admin7410a4zzu/index.php?controller=AdminLogin&amp;amp;token=7063c66666a41e72df9a6014e399ffaa&amp;amp;redirect=AdminDashboard
Invalid Creadentials : The username or password is wrong.
</output>
                <output type="stderr">java.lang.AssertionError: null
	at org.testng.Assert.fail(Assert.java:97)
	at org.testng.Assert.fail(Assert.java:102)
	at pom.loginPo.signIn(loginPo.java:64)
	at Tests.TestScripts.Login(TestScripts.java:27)
	at java.base/jdk.internal.reflect.NativeMethodAccessorImpl.invoke0(Native Method)
	at java.base/jdk.internal.reflect.NativeMethodAccessorImpl.invoke(NativeMethodAccessorImpl.java:78)
	at java.base/jdk.internal.reflect.DelegatingMethodAccessorImpl.invoke(DelegatingMethodAccessorImpl.java:43)
	at java.base/java.lang.reflect.Method.invoke(Method.java:567)
	at org.testng.internal.MethodInvocationHelper.invokeMethod(MethodInvocationHelper.java:133)
	at org.testng.internal.TestInvoker.invokeMethod(TestInvoker.java:584)
	at org.testng.internal.TestInvoker.invokeTestMethod(TestInvoker.java:172)
	at org.testng.internal.MethodRunner.runInSequence(MethodRunner.java:46)
	at org.testng.internal.TestInvoker$MethodInvocationAgent.invoke(TestInvoker.java:804)
	at org.testng.internal.TestInvoker.invokeTestMethods(TestInvoker.java:145)
	at org.testng.internal.TestMethodWorker.invokeTestMethods(TestMethodWorker.java:146)
	at org.testng.internal.TestMethodWorker.run(TestMethodWorker.java:128)
	at java.base/java.util.concurrent.ThreadPoolExecutor.runWorker(ThreadPoolExecutor.java:1130)
	at java.base/java.util.concurrent.ThreadPoolExecutor$Worker.run(ThreadPoolExecutor.java:630)
	at java.base/java.lang.Thread.run(Thread.java:831)
</output>
            </test>
            <test duration="20686" locationUrl="java:test://Tests.TestScripts/Login[7]" name="TestScripts.Login[demo@melbasi.com, 1234567890] (7)" status="passed">
                <output type="stdout">Username  : demo@melbasi.com Password : 1234567890
This is title of the page : Melbasi (Melbasi™)
Current url of the page : https://qa.melbasi.com/admin7410a4zzu/index.php?controller=AdminLogin&amp;amp;token=7063c66666a41e72df9a6014e399ffaa&amp;amp;redirect=AdminDashboard
Inside catch
Logined Inn Successfully 
</output>
            </test>
        </suite>
    </suite>
</testrun>
