<?xml version="1.0" encoding="UTF-8"?>
<testng-results ignored="0" total="36" passed="32" failed="4" skipped="0">
  <reporter-output>
  </reporter-output>
  <suite started-at="2021-07-05T13:25:16 IST" name="New SUite for testing parallel" finished-at="2021-07-05T13:28:10 IST" duration-ms="174753">
    <groups>
    </groups>
    <test started-at="2021-07-05T13:25:16 IST" name="TestOnChrome" finished-at="2021-07-05T13:27:04 IST" duration-ms="108405">
      <class name="Tests.TestScripts">
        <test-method is-config="true" signature="driver_Setup(java.lang.String)[pri:0, instance:Tests.TestScripts@4cf4d528]" started-at="2021-07-05T13:25:16 IST" name="driver_Setup" finished-at="2021-07-05T13:25:33 IST" duration-ms="17030" status="PASS">
          <params>
            <param index="0">
              <value>
                <![CDATA[chrome]]>
              </value>
            </param>
          </params>
          <reporter-output>
          </reporter-output>
        </test-method> <!-- driver_Setup -->
        <test-method is-config="true" signature="beforeMethod()[pri:0, instance:Tests.TestScripts@4cf4d528]" started-at="2021-07-05T13:25:33 IST" name="beforeMethod" finished-at="2021-07-05T13:25:33 IST" duration-ms="1" status="PASS">
          <reporter-output>
          </reporter-output>
        </test-method> <!-- beforeMethod -->
        <test-method signature="eight()[pri:0, instance:Tests.TestScripts@4cf4d528]" started-at="2021-07-05T13:25:33 IST" name="eight" finished-at="2021-07-05T13:25:33 IST" duration-ms="1" status="PASS">
          <reporter-output>
          </reporter-output>
        </test-method> <!-- eight -->
        <test-method is-config="true" signature="afterMethod()[pri:0, instance:Tests.TestScripts@4cf4d528]" started-at="2021-07-05T13:25:33 IST" name="afterMethod" finished-at="2021-07-05T13:25:33 IST" duration-ms="0" status="PASS">
          <reporter-output>
          </reporter-output>
        </test-method> <!-- afterMethod -->
        <test-method signature="nine()[pri:0, instance:Tests.TestScripts@4cf4d528]" started-at="2021-07-05T13:25:33 IST" name="nine" finished-at="2021-07-05T13:25:33 IST" duration-ms="1" status="PASS">
          <reporter-output>
          </reporter-output>
        </test-method> <!-- nine -->
        <test-method is-config="true" signature="beforeMethod()[pri:0, instance:Tests.TestScripts@4cf4d528]" started-at="2021-07-05T13:25:33 IST" name="beforeMethod" finished-at="2021-07-05T13:25:33 IST" duration-ms="0" status="PASS">
          <reporter-output>
          </reporter-output>
        </test-method> <!-- beforeMethod -->
        <test-method is-config="true" signature="afterMethod()[pri:0, instance:Tests.TestScripts@4cf4d528]" started-at="2021-07-05T13:25:33 IST" name="afterMethod" finished-at="2021-07-05T13:25:33 IST" duration-ms="0" status="PASS">
          <reporter-output>
          </reporter-output>
        </test-method> <!-- afterMethod -->
        <test-method is-config="true" signature="beforeMethod()[pri:0, instance:Tests.TestScripts@4cf4d528]" started-at="2021-07-05T13:25:33 IST" name="beforeMethod" finished-at="2021-07-05T13:25:33 IST" duration-ms="0" status="PASS">
          <reporter-output>
          </reporter-output>
        </test-method> <!-- beforeMethod -->
        <test-method signature="testfive()[pri:0, instance:Tests.TestScripts@4cf4d528]" started-at="2021-07-05T13:25:33 IST" name="testfive" finished-at="2021-07-05T13:25:33 IST" duration-ms="0" status="PASS">
          <reporter-output>
          </reporter-output>
        </test-method> <!-- testfive -->
        <test-method is-config="true" signature="afterMethod()[pri:0, instance:Tests.TestScripts@4cf4d528]" started-at="2021-07-05T13:25:33 IST" name="afterMethod" finished-at="2021-07-05T13:25:33 IST" duration-ms="0" status="PASS">
          <reporter-output>
          </reporter-output>
        </test-method> <!-- afterMethod -->
        <test-method signature="testfour()[pri:0, instance:Tests.TestScripts@4cf4d528]" started-at="2021-07-05T13:25:33 IST" name="testfour" finished-at="2021-07-05T13:25:33 IST" duration-ms="1" status="PASS">
          <reporter-output>
          </reporter-output>
        </test-method> <!-- testfour -->
        <test-method is-config="true" signature="beforeMethod()[pri:0, instance:Tests.TestScripts@4cf4d528]" started-at="2021-07-05T13:25:33 IST" name="beforeMethod" finished-at="2021-07-05T13:25:33 IST" duration-ms="0" status="PASS">
          <reporter-output>
          </reporter-output>
        </test-method> <!-- beforeMethod -->
        <test-method is-config="true" signature="afterMethod()[pri:0, instance:Tests.TestScripts@4cf4d528]" started-at="2021-07-05T13:25:33 IST" name="afterMethod" finished-at="2021-07-05T13:25:33 IST" duration-ms="0" status="PASS">
          <reporter-output>
          </reporter-output>
        </test-method> <!-- afterMethod -->
        <test-method is-config="true" signature="beforeMethod()[pri:0, instance:Tests.TestScripts@4cf4d528]" started-at="2021-07-05T13:25:33 IST" name="beforeMethod" finished-at="2021-07-05T13:25:33 IST" duration-ms="1" status="PASS">
          <reporter-output>
          </reporter-output>
        </test-method> <!-- beforeMethod -->
        <test-method is-config="true" signature="beforeMethod()[pri:0, instance:Tests.TestScripts@4cf4d528]" started-at="2021-07-05T13:25:33 IST" name="beforeMethod" finished-at="2021-07-05T13:25:33 IST" duration-ms="1" status="PASS">
          <reporter-output>
          </reporter-output>
        </test-method> <!-- beforeMethod -->
        <test-method is-config="true" signature="beforeMethod()[pri:0, instance:Tests.TestScripts@4cf4d528]" started-at="2021-07-05T13:25:33 IST" name="beforeMethod" finished-at="2021-07-05T13:25:33 IST" duration-ms="1" status="PASS">
          <reporter-output>
          </reporter-output>
        </test-method> <!-- beforeMethod -->
        <test-method signature="testone()[pri:0, instance:Tests.TestScripts@4cf4d528]" started-at="2021-07-05T13:25:33 IST" name="testone" finished-at="2021-07-05T13:25:33 IST" duration-ms="4" status="PASS">
          <reporter-output>
          </reporter-output>
        </test-method> <!-- testone -->
        <test-method signature="testone()[pri:0, instance:Tests.TestScripts@4cf4d528]" started-at="2021-07-05T13:25:33 IST" name="testone" finished-at="2021-07-05T13:25:33 IST" duration-ms="5" status="PASS">
          <reporter-output>
          </reporter-output>
        </test-method> <!-- testone -->
        <test-method signature="testone()[pri:0, instance:Tests.TestScripts@4cf4d528]" started-at="2021-07-05T13:25:33 IST" name="testone" finished-at="2021-07-05T13:25:33 IST" duration-ms="4" status="PASS">
          <reporter-output>
          </reporter-output>
        </test-method> <!-- testone -->
        <test-method is-config="true" signature="afterMethod()[pri:0, instance:Tests.TestScripts@4cf4d528]" started-at="2021-07-05T13:25:33 IST" name="afterMethod" finished-at="2021-07-05T13:25:33 IST" duration-ms="0" status="PASS">
          <reporter-output>
          </reporter-output>
        </test-method> <!-- afterMethod -->
        <test-method is-config="true" signature="beforeMethod()[pri:0, instance:Tests.TestScripts@4cf4d528]" started-at="2021-07-05T13:25:33 IST" name="beforeMethod" finished-at="2021-07-05T13:25:33 IST" duration-ms="0" status="PASS">
          <reporter-output>
          </reporter-output>
        </test-method> <!-- beforeMethod -->
        <test-method signature="testone()[pri:0, instance:Tests.TestScripts@4cf4d528]" started-at="2021-07-05T13:25:33 IST" name="testone" finished-at="2021-07-05T13:25:33 IST" duration-ms="2" status="PASS">
          <reporter-output>
          </reporter-output>
        </test-method> <!-- testone -->
        <test-method is-config="true" signature="afterMethod()[pri:0, instance:Tests.TestScripts@4cf4d528]" started-at="2021-07-05T13:25:33 IST" name="afterMethod" finished-at="2021-07-05T13:25:33 IST" duration-ms="0" status="PASS">
          <reporter-output>
          </reporter-output>
        </test-method> <!-- afterMethod -->
        <test-method is-config="true" signature="afterMethod()[pri:0, instance:Tests.TestScripts@4cf4d528]" started-at="2021-07-05T13:25:33 IST" name="afterMethod" finished-at="2021-07-05T13:25:33 IST" duration-ms="0" status="PASS">
          <reporter-output>
          </reporter-output>
        </test-method> <!-- afterMethod -->
        <test-method signature="testone()[pri:0, instance:Tests.TestScripts@4cf4d528]" started-at="2021-07-05T13:25:33 IST" name="testone" finished-at="2021-07-05T13:25:33 IST" duration-ms="1" status="PASS">
          <reporter-output>
          </reporter-output>
        </test-method> <!-- testone -->
        <test-method is-config="true" signature="beforeMethod()[pri:0, instance:Tests.TestScripts@4cf4d528]" started-at="2021-07-05T13:25:33 IST" name="beforeMethod" finished-at="2021-07-05T13:25:33 IST" duration-ms="0" status="PASS">
          <reporter-output>
          </reporter-output>
        </test-method> <!-- beforeMethod -->
        <test-method is-config="true" signature="afterMethod()[pri:0, instance:Tests.TestScripts@4cf4d528]" started-at="2021-07-05T13:25:33 IST" name="afterMethod" finished-at="2021-07-05T13:25:33 IST" duration-ms="0" status="PASS">
          <reporter-output>
          </reporter-output>
        </test-method> <!-- afterMethod -->
        <test-method signature="testone()[pri:0, instance:Tests.TestScripts@4cf4d528]" started-at="2021-07-05T13:25:33 IST" name="testone" finished-at="2021-07-05T13:25:33 IST" duration-ms="1" status="PASS">
          <reporter-output>
          </reporter-output>
        </test-method> <!-- testone -->
        <test-method is-config="true" signature="afterMethod()[pri:0, instance:Tests.TestScripts@4cf4d528]" started-at="2021-07-05T13:25:33 IST" name="afterMethod" finished-at="2021-07-05T13:25:33 IST" duration-ms="0" status="PASS">
          <reporter-output>
          </reporter-output>
        </test-method> <!-- afterMethod -->
        <test-method is-config="true" signature="beforeMethod()[pri:0, instance:Tests.TestScripts@4cf4d528]" started-at="2021-07-05T13:25:33 IST" name="beforeMethod" finished-at="2021-07-05T13:25:33 IST" duration-ms="0" status="PASS">
          <reporter-output>
          </reporter-output>
        </test-method> <!-- beforeMethod -->
        <test-method is-config="true" signature="afterMethod()[pri:0, instance:Tests.TestScripts@4cf4d528]" started-at="2021-07-05T13:25:33 IST" name="afterMethod" finished-at="2021-07-05T13:25:33 IST" duration-ms="0" status="PASS">
          <reporter-output>
          </reporter-output>
        </test-method> <!-- afterMethod -->
        <test-method is-config="true" signature="beforeMethod()[pri:0, instance:Tests.TestScripts@4cf4d528]" started-at="2021-07-05T13:25:33 IST" name="beforeMethod" finished-at="2021-07-05T13:25:33 IST" duration-ms="0" status="PASS">
          <reporter-output>
          </reporter-output>
        </test-method> <!-- beforeMethod -->
        <test-method signature="testsevenlast()[pri:0, instance:Tests.TestScripts@4cf4d528]" started-at="2021-07-05T13:25:33 IST" name="testsevenlast" finished-at="2021-07-05T13:25:33 IST" duration-ms="0" status="PASS">
          <reporter-output>
          </reporter-output>
        </test-method> <!-- testsevenlast -->
        <test-method is-config="true" signature="afterMethod()[pri:0, instance:Tests.TestScripts@4cf4d528]" started-at="2021-07-05T13:25:33 IST" name="afterMethod" finished-at="2021-07-05T13:25:33 IST" duration-ms="1" status="PASS">
          <reporter-output>
          </reporter-output>
        </test-method> <!-- afterMethod -->
        <test-method is-config="true" signature="beforeMethod()[pri:0, instance:Tests.TestScripts@4cf4d528]" started-at="2021-07-05T13:25:33 IST" name="beforeMethod" finished-at="2021-07-05T13:25:33 IST" duration-ms="1" status="PASS">
          <reporter-output>
          </reporter-output>
        </test-method> <!-- beforeMethod -->
        <test-method signature="testsix()[pri:0, instance:Tests.TestScripts@4cf4d528]" started-at="2021-07-05T13:25:33 IST" name="testsix" finished-at="2021-07-05T13:25:33 IST" duration-ms="0" status="PASS">
          <reporter-output>
          </reporter-output>
        </test-method> <!-- testsix -->
        <test-method is-config="true" signature="afterMethod()[pri:0, instance:Tests.TestScripts@4cf4d528]" started-at="2021-07-05T13:25:33 IST" name="afterMethod" finished-at="2021-07-05T13:25:33 IST" duration-ms="1" status="PASS">
          <reporter-output>
          </reporter-output>
        </test-method> <!-- afterMethod -->
        <test-method is-config="true" signature="beforeMethod()[pri:0, instance:Tests.TestScripts@4cf4d528]" started-at="2021-07-05T13:25:33 IST" name="beforeMethod" finished-at="2021-07-05T13:25:33 IST" duration-ms="1" status="PASS">
          <reporter-output>
          </reporter-output>
        </test-method> <!-- beforeMethod -->
        <test-method signature="testthree()[pri:0, instance:Tests.TestScripts@4cf4d528]" started-at="2021-07-05T13:25:33 IST" name="testthree" finished-at="2021-07-05T13:25:33 IST" duration-ms="0" status="PASS">
          <reporter-output>
          </reporter-output>
        </test-method> <!-- testthree -->
        <test-method is-config="true" signature="beforeMethod()[pri:0, instance:Tests.TestScripts@4cf4d528]" started-at="2021-07-05T13:25:33 IST" name="beforeMethod" finished-at="2021-07-05T13:25:33 IST" duration-ms="1" status="PASS">
          <reporter-output>
          </reporter-output>
        </test-method> <!-- beforeMethod -->
        <test-method is-config="true" signature="afterMethod()[pri:0, instance:Tests.TestScripts@4cf4d528]" started-at="2021-07-05T13:25:33 IST" name="afterMethod" finished-at="2021-07-05T13:25:33 IST" duration-ms="0" status="PASS">
          <reporter-output>
          </reporter-output>
        </test-method> <!-- afterMethod -->
        <test-method signature="testwo()[pri:0, instance:Tests.TestScripts@4cf4d528]" started-at="2021-07-05T13:25:33 IST" name="testwo" finished-at="2021-07-05T13:25:33 IST" duration-ms="0" status="PASS">
          <reporter-output>
          </reporter-output>
        </test-method> <!-- testwo -->
        <test-method is-config="true" signature="afterMethod()[pri:0, instance:Tests.TestScripts@4cf4d528]" started-at="2021-07-05T13:25:33 IST" name="afterMethod" finished-at="2021-07-05T13:25:33 IST" duration-ms="1" status="PASS">
          <reporter-output>
          </reporter-output>
        </test-method> <!-- afterMethod -->
        <test-method is-config="true" signature="beforeMethod()[pri:0, instance:Tests.TestScripts@4cf4d528]" started-at="2021-07-05T13:25:34 IST" name="beforeMethod" finished-at="2021-07-05T13:25:34 IST" duration-ms="0" status="PASS">
          <reporter-output>
          </reporter-output>
        </test-method> <!-- beforeMethod -->
        <test-method signature="Login(java.lang.String, java.lang.String)[pri:1, instance:Tests.TestScripts@4cf4d528]" started-at="2021-07-05T13:25:34 IST" name="Login" description="Login process with valid and invalid values" data-provider="Login_credential" finished-at="2021-07-05T13:25:59 IST" duration-ms="25358" status="FAIL">
          <params>
            <param index="0">
              <value>
                <![CDATA[demo@melbasiii.com]]>
              </value>
            </param>
            <param index="1">
              <value>
                <![CDATA[1234567890]]>
              </value>
            </param>
          </params>
          <exception class="java.lang.AssertionError">
            <message>
              <![CDATA[null]]>
            </message>
            <full-stacktrace>
              <![CDATA[java.lang.AssertionError: null
at org.testng.Assert.fail(Assert.java:97)
at org.testng.Assert.fail(Assert.java:102)
at pom.loginPo.signIn(loginPo.java:64)
at Tests.TestScripts.Login(TestScripts.java:27)
at java.base/jdk.internal.reflect.NativeMethodAccessorImpl.invoke0(Native Method)
at java.base/jdk.internal.reflect.NativeMethodAccessorImpl.invoke(NativeMethodAccessorImpl.java:78)
at java.base/jdk.internal.reflect.DelegatingMethodAccessorImpl.invoke(DelegatingMethodAccessorImpl.java:43)
at java.base/java.lang.reflect.Method.invoke(Method.java:567)
at org.testng.internal.MethodInvocationHelper.invokeMethod(MethodInvocationHelper.java:133)
at org.testng.internal.TestInvoker.invokeMethod(TestInvoker.java:584)
at org.testng.internal.TestInvoker.invokeTestMethod(TestInvoker.java:172)
at org.testng.internal.MethodRunner.runInSequence(MethodRunner.java:46)
at org.testng.internal.TestInvoker$MethodInvocationAgent.invoke(TestInvoker.java:804)
at org.testng.internal.TestInvoker.invokeTestMethods(TestInvoker.java:145)
at org.testng.internal.TestMethodWorker.invokeTestMethods(TestMethodWorker.java:146)
at org.testng.internal.TestMethodWorker.run(TestMethodWorker.java:128)
at java.base/java.util.concurrent.ThreadPoolExecutor.runWorker(ThreadPoolExecutor.java:1130)
at java.base/java.util.concurrent.ThreadPoolExecutor$Worker.run(ThreadPoolExecutor.java:630)
at java.base/java.lang.Thread.run(Thread.java:831)
]]>
            </full-stacktrace>
          </exception> <!-- java.lang.AssertionError -->
          <reporter-output>
          </reporter-output>
        </test-method> <!-- Login -->
        <test-method is-config="true" signature="afterMethod()[pri:0, instance:Tests.TestScripts@4cf4d528]" started-at="2021-07-05T13:25:59 IST" name="afterMethod" finished-at="2021-07-05T13:25:59 IST" duration-ms="1" status="PASS">
          <reporter-output>
          </reporter-output>
        </test-method> <!-- afterMethod -->
        <test-method is-config="true" signature="beforeMethod()[pri:0, instance:Tests.TestScripts@4cf4d528]" started-at="2021-07-05T13:25:59 IST" name="beforeMethod" finished-at="2021-07-05T13:25:59 IST" duration-ms="1" status="PASS">
          <reporter-output>
          </reporter-output>
        </test-method> <!-- beforeMethod -->
        <test-method signature="Login(java.lang.String, java.lang.String)[pri:1, instance:Tests.TestScripts@4cf4d528]" started-at="2021-07-05T13:25:59 IST" name="Login" description="Login process with valid and invalid values" data-provider="Login_credential" finished-at="2021-07-05T13:26:35 IST" duration-ms="36032" status="PASS">
          <params>
            <param index="0">
              <value>
                <![CDATA[demo@melbasi.com]]>
              </value>
            </param>
            <param index="1">
              <value>
                <![CDATA[1234567890]]>
              </value>
            </param>
          </params>
          <reporter-output>
          </reporter-output>
        </test-method> <!-- Login -->
        <test-method is-config="true" signature="afterMethod()[pri:0, instance:Tests.TestScripts@4cf4d528]" started-at="2021-07-05T13:26:35 IST" name="afterMethod" finished-at="2021-07-05T13:26:35 IST" duration-ms="1" status="PASS">
          <reporter-output>
          </reporter-output>
        </test-method> <!-- afterMethod -->
        <test-method signature="Login(java.lang.String, java.lang.String)[pri:1, instance:Tests.TestScripts@4cf4d528]" started-at="2021-07-05T13:26:35 IST" name="Login" description="Login process with valid and invalid values" data-provider="Login_credential" finished-at="2021-07-05T13:26:41 IST" duration-ms="5681" status="FAIL">
          <params>
            <param index="0">
              <value>
                <![CDATA[shafeek@melbasi.com]]>
              </value>
            </param>
            <param index="1">
              <value>
                <![CDATA[1233672627626]]>
              </value>
            </param>
          </params>
          <exception class="java.lang.AssertionError">
            <message>
              <![CDATA[null]]>
            </message>
            <full-stacktrace>
              <![CDATA[java.lang.AssertionError: null
at org.testng.Assert.fail(Assert.java:97)
at org.testng.Assert.fail(Assert.java:102)
at pom.loginPo.signIn(loginPo.java:64)
at Tests.TestScripts.Login(TestScripts.java:27)
at java.base/jdk.internal.reflect.NativeMethodAccessorImpl.invoke0(Native Method)
at java.base/jdk.internal.reflect.NativeMethodAccessorImpl.invoke(NativeMethodAccessorImpl.java:78)
at java.base/jdk.internal.reflect.DelegatingMethodAccessorImpl.invoke(DelegatingMethodAccessorImpl.java:43)
at java.base/java.lang.reflect.Method.invoke(Method.java:567)
at org.testng.internal.MethodInvocationHelper.invokeMethod(MethodInvocationHelper.java:133)
at org.testng.internal.TestInvoker.invokeMethod(TestInvoker.java:584)
at org.testng.internal.TestInvoker.invokeTestMethod(TestInvoker.java:172)
at org.testng.internal.MethodRunner.runInSequence(MethodRunner.java:46)
at org.testng.internal.TestInvoker$MethodInvocationAgent.invoke(TestInvoker.java:804)
at org.testng.internal.TestInvoker.invokeTestMethods(TestInvoker.java:145)
at org.testng.internal.TestMethodWorker.invokeTestMethods(TestMethodWorker.java:146)
at org.testng.internal.TestMethodWorker.run(TestMethodWorker.java:128)
at java.base/java.util.concurrent.ThreadPoolExecutor.runWorker(ThreadPoolExecutor.java:1130)
at java.base/java.util.concurrent.ThreadPoolExecutor$Worker.run(ThreadPoolExecutor.java:630)
at java.base/java.lang.Thread.run(Thread.java:831)
]]>
            </full-stacktrace>
          </exception> <!-- java.lang.AssertionError -->
          <reporter-output>
          </reporter-output>
        </test-method> <!-- Login -->
        <test-method is-config="true" signature="beforeMethod()[pri:0, instance:Tests.TestScripts@4cf4d528]" started-at="2021-07-05T13:26:35 IST" name="beforeMethod" finished-at="2021-07-05T13:26:35 IST" duration-ms="0" status="PASS">
          <reporter-output>
          </reporter-output>
        </test-method> <!-- beforeMethod -->
        <test-method is-config="true" signature="afterMethod()[pri:0, instance:Tests.TestScripts@4cf4d528]" started-at="2021-07-05T13:26:41 IST" name="afterMethod" finished-at="2021-07-05T13:26:41 IST" duration-ms="1" status="PASS">
          <reporter-output>
          </reporter-output>
        </test-method> <!-- afterMethod -->
        <test-method is-config="true" signature="beforeMethod()[pri:0, instance:Tests.TestScripts@4cf4d528]" started-at="2021-07-05T13:26:41 IST" name="beforeMethod" finished-at="2021-07-05T13:26:41 IST" duration-ms="1" status="PASS">
          <reporter-output>
          </reporter-output>
        </test-method> <!-- beforeMethod -->
        <test-method signature="Login(java.lang.String, java.lang.String)[pri:1, instance:Tests.TestScripts@4cf4d528]" started-at="2021-07-05T13:26:41 IST" name="Login" description="Login process with valid and invalid values" data-provider="Login_credential" finished-at="2021-07-05T13:27:04 IST" duration-ms="22699" status="PASS">
          <params>
            <param index="0">
              <value>
                <![CDATA[demo@melbasi.com]]>
              </value>
            </param>
            <param index="1">
              <value>
                <![CDATA[1234567890]]>
              </value>
            </param>
          </params>
          <reporter-output>
          </reporter-output>
        </test-method> <!-- Login -->
        <test-method is-config="true" signature="afterMethod()[pri:0, instance:Tests.TestScripts@4cf4d528]" started-at="2021-07-05T13:27:04 IST" name="afterMethod" finished-at="2021-07-05T13:27:04 IST" duration-ms="1" status="PASS">
          <reporter-output>
          </reporter-output>
        </test-method> <!-- afterMethod -->
        <test-method is-config="true" signature="teardown()[pri:0, instance:Tests.TestScripts@4cf4d528]" started-at="2021-07-05T13:27:04 IST" name="teardown" finished-at="2021-07-05T13:27:04 IST" duration-ms="245" status="PASS">
          <reporter-output>
          </reporter-output>
        </test-method> <!-- teardown -->
      </class> <!-- Tests.TestScripts -->
    </test> <!-- TestOnChrome -->
    <test started-at="2021-07-05T13:27:04 IST" name="TestOnFirefox" finished-at="2021-07-05T13:28:10 IST" duration-ms="66348">
      <class name="Tests.TestScripts">
        <test-method is-config="true" signature="driver_Setup(java.lang.String)[pri:0, instance:Tests.TestScripts@17211155]" started-at="2021-07-05T13:27:04 IST" name="driver_Setup" finished-at="2021-07-05T13:27:11 IST" duration-ms="6802" status="PASS">
          <params>
            <param index="0">
              <value>
                <![CDATA[firefox]]>
              </value>
            </param>
          </params>
          <reporter-output>
          </reporter-output>
        </test-method> <!-- driver_Setup -->
        <test-method is-config="true" signature="beforeMethod()[pri:0, instance:Tests.TestScripts@17211155]" started-at="2021-07-05T13:27:11 IST" name="beforeMethod" finished-at="2021-07-05T13:27:11 IST" duration-ms="0" status="PASS">
          <reporter-output>
          </reporter-output>
        </test-method> <!-- beforeMethod -->
        <test-method signature="eight()[pri:0, instance:Tests.TestScripts@17211155]" started-at="2021-07-05T13:27:11 IST" name="eight" finished-at="2021-07-05T13:27:11 IST" duration-ms="0" status="PASS">
          <reporter-output>
          </reporter-output>
        </test-method> <!-- eight -->
        <test-method is-config="true" signature="afterMethod()[pri:0, instance:Tests.TestScripts@17211155]" started-at="2021-07-05T13:27:11 IST" name="afterMethod" finished-at="2021-07-05T13:27:11 IST" duration-ms="0" status="PASS">
          <reporter-output>
          </reporter-output>
        </test-method> <!-- afterMethod -->
        <test-method is-config="true" signature="beforeMethod()[pri:0, instance:Tests.TestScripts@17211155]" started-at="2021-07-05T13:27:11 IST" name="beforeMethod" finished-at="2021-07-05T13:27:11 IST" duration-ms="1" status="PASS">
          <reporter-output>
          </reporter-output>
        </test-method> <!-- beforeMethod -->
        <test-method signature="nine()[pri:0, instance:Tests.TestScripts@17211155]" started-at="2021-07-05T13:27:11 IST" name="nine" finished-at="2021-07-05T13:27:11 IST" duration-ms="1" status="PASS">
          <reporter-output>
          </reporter-output>
        </test-method> <!-- nine -->
        <test-method is-config="true" signature="afterMethod()[pri:0, instance:Tests.TestScripts@17211155]" started-at="2021-07-05T13:27:11 IST" name="afterMethod" finished-at="2021-07-05T13:27:11 IST" duration-ms="1" status="PASS">
          <reporter-output>
          </reporter-output>
        </test-method> <!-- afterMethod -->
        <test-method is-config="true" signature="beforeMethod()[pri:0, instance:Tests.TestScripts@17211155]" started-at="2021-07-05T13:27:11 IST" name="beforeMethod" finished-at="2021-07-05T13:27:11 IST" duration-ms="1" status="PASS">
          <reporter-output>
          </reporter-output>
        </test-method> <!-- beforeMethod -->
        <test-method signature="testfive()[pri:0, instance:Tests.TestScripts@17211155]" started-at="2021-07-05T13:27:11 IST" name="testfive" finished-at="2021-07-05T13:27:11 IST" duration-ms="0" status="PASS">
          <reporter-output>
          </reporter-output>
        </test-method> <!-- testfive -->
        <test-method is-config="true" signature="afterMethod()[pri:0, instance:Tests.TestScripts@17211155]" started-at="2021-07-05T13:27:11 IST" name="afterMethod" finished-at="2021-07-05T13:27:11 IST" duration-ms="1" status="PASS">
          <reporter-output>
          </reporter-output>
        </test-method> <!-- afterMethod -->
        <test-method is-config="true" signature="beforeMethod()[pri:0, instance:Tests.TestScripts@17211155]" started-at="2021-07-05T13:27:11 IST" name="beforeMethod" finished-at="2021-07-05T13:27:11 IST" duration-ms="1" status="PASS">
          <reporter-output>
          </reporter-output>
        </test-method> <!-- beforeMethod -->
        <test-method signature="testfour()[pri:0, instance:Tests.TestScripts@17211155]" started-at="2021-07-05T13:27:11 IST" name="testfour" finished-at="2021-07-05T13:27:11 IST" duration-ms="1" status="PASS">
          <reporter-output>
          </reporter-output>
        </test-method> <!-- testfour -->
        <test-method is-config="true" signature="afterMethod()[pri:0, instance:Tests.TestScripts@17211155]" started-at="2021-07-05T13:27:11 IST" name="afterMethod" finished-at="2021-07-05T13:27:11 IST" duration-ms="1" status="PASS">
          <reporter-output>
          </reporter-output>
        </test-method> <!-- afterMethod -->
        <test-method signature="testone()[pri:0, instance:Tests.TestScripts@17211155]" started-at="2021-07-05T13:27:11 IST" name="testone" finished-at="2021-07-05T13:27:11 IST" duration-ms="5" status="PASS">
          <reporter-output>
          </reporter-output>
        </test-method> <!-- testone -->
        <test-method is-config="true" signature="beforeMethod()[pri:0, instance:Tests.TestScripts@17211155]" started-at="2021-07-05T13:27:11 IST" name="beforeMethod" finished-at="2021-07-05T13:27:11 IST" duration-ms="1" status="PASS">
          <reporter-output>
          </reporter-output>
        </test-method> <!-- beforeMethod -->
        <test-method is-config="true" signature="beforeMethod()[pri:0, instance:Tests.TestScripts@17211155]" started-at="2021-07-05T13:27:11 IST" name="beforeMethod" finished-at="2021-07-05T13:27:11 IST" duration-ms="0" status="PASS">
          <reporter-output>
          </reporter-output>
        </test-method> <!-- beforeMethod -->
        <test-method is-config="true" signature="beforeMethod()[pri:0, instance:Tests.TestScripts@17211155]" started-at="2021-07-05T13:27:11 IST" name="beforeMethod" finished-at="2021-07-05T13:27:11 IST" duration-ms="1" status="PASS">
          <reporter-output>
          </reporter-output>
        </test-method> <!-- beforeMethod -->
        <test-method signature="testone()[pri:0, instance:Tests.TestScripts@17211155]" started-at="2021-07-05T13:27:11 IST" name="testone" finished-at="2021-07-05T13:27:11 IST" duration-ms="4" status="PASS">
          <reporter-output>
          </reporter-output>
        </test-method> <!-- testone -->
        <test-method signature="testone()[pri:0, instance:Tests.TestScripts@17211155]" started-at="2021-07-05T13:27:11 IST" name="testone" finished-at="2021-07-05T13:27:11 IST" duration-ms="6" status="PASS">
          <reporter-output>
          </reporter-output>
        </test-method> <!-- testone -->
        <test-method is-config="true" signature="afterMethod()[pri:0, instance:Tests.TestScripts@17211155]" started-at="2021-07-05T13:27:11 IST" name="afterMethod" finished-at="2021-07-05T13:27:11 IST" duration-ms="0" status="PASS">
          <reporter-output>
          </reporter-output>
        </test-method> <!-- afterMethod -->
        <test-method is-config="true" signature="afterMethod()[pri:0, instance:Tests.TestScripts@17211155]" started-at="2021-07-05T13:27:11 IST" name="afterMethod" finished-at="2021-07-05T13:27:11 IST" duration-ms="0" status="PASS">
          <reporter-output>
          </reporter-output>
        </test-method> <!-- afterMethod -->
        <test-method is-config="true" signature="beforeMethod()[pri:0, instance:Tests.TestScripts@17211155]" started-at="2021-07-05T13:27:11 IST" name="beforeMethod" finished-at="2021-07-05T13:27:11 IST" duration-ms="0" status="PASS">
          <reporter-output>
          </reporter-output>
        </test-method> <!-- beforeMethod -->
        <test-method is-config="true" signature="beforeMethod()[pri:0, instance:Tests.TestScripts@17211155]" started-at="2021-07-05T13:27:11 IST" name="beforeMethod" finished-at="2021-07-05T13:27:11 IST" duration-ms="0" status="PASS">
          <reporter-output>
          </reporter-output>
        </test-method> <!-- beforeMethod -->
        <test-method signature="testone()[pri:0, instance:Tests.TestScripts@17211155]" started-at="2021-07-05T13:27:11 IST" name="testone" finished-at="2021-07-05T13:27:11 IST" duration-ms="1" status="PASS">
          <reporter-output>
          </reporter-output>
        </test-method> <!-- testone -->
        <test-method is-config="true" signature="afterMethod()[pri:0, instance:Tests.TestScripts@17211155]" started-at="2021-07-05T13:27:11 IST" name="afterMethod" finished-at="2021-07-05T13:27:11 IST" duration-ms="1" status="PASS">
          <reporter-output>
          </reporter-output>
        </test-method> <!-- afterMethod -->
        <test-method is-config="true" signature="afterMethod()[pri:0, instance:Tests.TestScripts@17211155]" started-at="2021-07-05T13:27:11 IST" name="afterMethod" finished-at="2021-07-05T13:27:11 IST" duration-ms="0" status="PASS">
          <reporter-output>
          </reporter-output>
        </test-method> <!-- afterMethod -->
        <test-method signature="testone()[pri:0, instance:Tests.TestScripts@17211155]" started-at="2021-07-05T13:27:11 IST" name="testone" finished-at="2021-07-05T13:27:11 IST" duration-ms="0" status="PASS">
          <reporter-output>
          </reporter-output>
        </test-method> <!-- testone -->
        <test-method is-config="true" signature="beforeMethod()[pri:0, instance:Tests.TestScripts@17211155]" started-at="2021-07-05T13:27:11 IST" name="beforeMethod" finished-at="2021-07-05T13:27:11 IST" duration-ms="0" status="PASS">
          <reporter-output>
          </reporter-output>
        </test-method> <!-- beforeMethod -->
        <test-method is-config="true" signature="afterMethod()[pri:0, instance:Tests.TestScripts@17211155]" started-at="2021-07-05T13:27:11 IST" name="afterMethod" finished-at="2021-07-05T13:27:11 IST" duration-ms="0" status="PASS">
          <reporter-output>
          </reporter-output>
        </test-method> <!-- afterMethod -->
        <test-method signature="testone()[pri:0, instance:Tests.TestScripts@17211155]" started-at="2021-07-05T13:27:11 IST" name="testone" finished-at="2021-07-05T13:27:11 IST" duration-ms="0" status="PASS">
          <reporter-output>
          </reporter-output>
        </test-method> <!-- testone -->
        <test-method is-config="true" signature="afterMethod()[pri:0, instance:Tests.TestScripts@17211155]" started-at="2021-07-05T13:27:11 IST" name="afterMethod" finished-at="2021-07-05T13:27:11 IST" duration-ms="1" status="PASS">
          <reporter-output>
          </reporter-output>
        </test-method> <!-- afterMethod -->
        <test-method is-config="true" signature="beforeMethod()[pri:0, instance:Tests.TestScripts@17211155]" started-at="2021-07-05T13:27:11 IST" name="beforeMethod" finished-at="2021-07-05T13:27:11 IST" duration-ms="0" status="PASS">
          <reporter-output>
          </reporter-output>
        </test-method> <!-- beforeMethod -->
        <test-method signature="testsevenlast()[pri:0, instance:Tests.TestScripts@17211155]" started-at="2021-07-05T13:27:11 IST" name="testsevenlast" finished-at="2021-07-05T13:27:11 IST" duration-ms="0" status="PASS">
          <reporter-output>
          </reporter-output>
        </test-method> <!-- testsevenlast -->
        <test-method is-config="true" signature="afterMethod()[pri:0, instance:Tests.TestScripts@17211155]" started-at="2021-07-05T13:27:11 IST" name="afterMethod" finished-at="2021-07-05T13:27:11 IST" duration-ms="0" status="PASS">
          <reporter-output>
          </reporter-output>
        </test-method> <!-- afterMethod -->
        <test-method signature="testsix()[pri:0, instance:Tests.TestScripts@17211155]" started-at="2021-07-05T13:27:11 IST" name="testsix" finished-at="2021-07-05T13:27:11 IST" duration-ms="1" status="PASS">
          <reporter-output>
          </reporter-output>
        </test-method> <!-- testsix -->
        <test-method is-config="true" signature="beforeMethod()[pri:0, instance:Tests.TestScripts@17211155]" started-at="2021-07-05T13:27:11 IST" name="beforeMethod" finished-at="2021-07-05T13:27:11 IST" duration-ms="0" status="PASS">
          <reporter-output>
          </reporter-output>
        </test-method> <!-- beforeMethod -->
        <test-method is-config="true" signature="afterMethod()[pri:0, instance:Tests.TestScripts@17211155]" started-at="2021-07-05T13:27:11 IST" name="afterMethod" finished-at="2021-07-05T13:27:11 IST" duration-ms="0" status="PASS">
          <reporter-output>
          </reporter-output>
        </test-method> <!-- afterMethod -->
        <test-method signature="testthree()[pri:0, instance:Tests.TestScripts@17211155]" started-at="2021-07-05T13:27:11 IST" name="testthree" finished-at="2021-07-05T13:27:11 IST" duration-ms="0" status="PASS">
          <reporter-output>
          </reporter-output>
        </test-method> <!-- testthree -->
        <test-method is-config="true" signature="beforeMethod()[pri:0, instance:Tests.TestScripts@17211155]" started-at="2021-07-05T13:27:11 IST" name="beforeMethod" finished-at="2021-07-05T13:27:11 IST" duration-ms="0" status="PASS">
          <reporter-output>
          </reporter-output>
        </test-method> <!-- beforeMethod -->
        <test-method is-config="true" signature="afterMethod()[pri:0, instance:Tests.TestScripts@17211155]" started-at="2021-07-05T13:27:11 IST" name="afterMethod" finished-at="2021-07-05T13:27:11 IST" duration-ms="1" status="PASS">
          <reporter-output>
          </reporter-output>
        </test-method> <!-- afterMethod -->
        <test-method signature="testwo()[pri:0, instance:Tests.TestScripts@17211155]" started-at="2021-07-05T13:27:11 IST" name="testwo" finished-at="2021-07-05T13:27:11 IST" duration-ms="0" status="PASS">
          <reporter-output>
          </reporter-output>
        </test-method> <!-- testwo -->
        <test-method is-config="true" signature="afterMethod()[pri:0, instance:Tests.TestScripts@17211155]" started-at="2021-07-05T13:27:11 IST" name="afterMethod" finished-at="2021-07-05T13:27:11 IST" duration-ms="1" status="PASS">
          <reporter-output>
          </reporter-output>
        </test-method> <!-- afterMethod -->
        <test-method is-config="true" signature="beforeMethod()[pri:0, instance:Tests.TestScripts@17211155]" started-at="2021-07-05T13:27:11 IST" name="beforeMethod" finished-at="2021-07-05T13:27:11 IST" duration-ms="0" status="PASS">
          <reporter-output>
          </reporter-output>
        </test-method> <!-- beforeMethod -->
        <test-method is-config="true" signature="beforeMethod()[pri:0, instance:Tests.TestScripts@17211155]" started-at="2021-07-05T13:27:11 IST" name="beforeMethod" finished-at="2021-07-05T13:27:11 IST" duration-ms="1" status="PASS">
          <reporter-output>
          </reporter-output>
        </test-method> <!-- beforeMethod -->
        <test-method signature="Login(java.lang.String, java.lang.String)[pri:1, instance:Tests.TestScripts@17211155]" started-at="2021-07-05T13:27:11 IST" name="Login" description="Login process with valid and invalid values" data-provider="Login_credential" finished-at="2021-07-05T13:27:20 IST" duration-ms="9243" status="FAIL">
          <params>
            <param index="0">
              <value>
                <![CDATA[demo@melbasiii.com]]>
              </value>
            </param>
            <param index="1">
              <value>
                <![CDATA[1234567890]]>
              </value>
            </param>
          </params>
          <exception class="java.lang.AssertionError">
            <message>
              <![CDATA[null]]>
            </message>
            <full-stacktrace>
              <![CDATA[java.lang.AssertionError: null
at org.testng.Assert.fail(Assert.java:97)
at org.testng.Assert.fail(Assert.java:102)
at pom.loginPo.signIn(loginPo.java:64)
at Tests.TestScripts.Login(TestScripts.java:27)
at java.base/jdk.internal.reflect.NativeMethodAccessorImpl.invoke0(Native Method)
at java.base/jdk.internal.reflect.NativeMethodAccessorImpl.invoke(NativeMethodAccessorImpl.java:78)
at java.base/jdk.internal.reflect.DelegatingMethodAccessorImpl.invoke(DelegatingMethodAccessorImpl.java:43)
at java.base/java.lang.reflect.Method.invoke(Method.java:567)
at org.testng.internal.MethodInvocationHelper.invokeMethod(MethodInvocationHelper.java:133)
at org.testng.internal.TestInvoker.invokeMethod(TestInvoker.java:584)
at org.testng.internal.TestInvoker.invokeTestMethod(TestInvoker.java:172)
at org.testng.internal.MethodRunner.runInSequence(MethodRunner.java:46)
at org.testng.internal.TestInvoker$MethodInvocationAgent.invoke(TestInvoker.java:804)
at org.testng.internal.TestInvoker.invokeTestMethods(TestInvoker.java:145)
at org.testng.internal.TestMethodWorker.invokeTestMethods(TestMethodWorker.java:146)
at org.testng.internal.TestMethodWorker.run(TestMethodWorker.java:128)
at java.base/java.util.concurrent.ThreadPoolExecutor.runWorker(ThreadPoolExecutor.java:1130)
at java.base/java.util.concurrent.ThreadPoolExecutor$Worker.run(ThreadPoolExecutor.java:630)
at java.base/java.lang.Thread.run(Thread.java:831)
]]>
            </full-stacktrace>
          </exception> <!-- java.lang.AssertionError -->
          <reporter-output>
          </reporter-output>
        </test-method> <!-- Login -->
        <test-method is-config="true" signature="beforeMethod()[pri:0, instance:Tests.TestScripts@17211155]" started-at="2021-07-05T13:27:20 IST" name="beforeMethod" finished-at="2021-07-05T13:27:20 IST" duration-ms="0" status="PASS">
          <reporter-output>
          </reporter-output>
        </test-method> <!-- beforeMethod -->
        <test-method signature="Login(java.lang.String, java.lang.String)[pri:1, instance:Tests.TestScripts@17211155]" started-at="2021-07-05T13:27:20 IST" name="Login" description="Login process with valid and invalid values" data-provider="Login_credential" finished-at="2021-07-05T13:27:41 IST" duration-ms="20848" status="PASS">
          <params>
            <param index="0">
              <value>
                <![CDATA[demo@melbasi.com]]>
              </value>
            </param>
            <param index="1">
              <value>
                <![CDATA[1234567890]]>
              </value>
            </param>
          </params>
          <reporter-output>
          </reporter-output>
        </test-method> <!-- Login -->
        <test-method is-config="true" signature="afterMethod()[pri:0, instance:Tests.TestScripts@17211155]" started-at="2021-07-05T13:27:20 IST" name="afterMethod" finished-at="2021-07-05T13:27:20 IST" duration-ms="0" status="PASS">
          <reporter-output>
          </reporter-output>
        </test-method> <!-- afterMethod -->
        <test-method is-config="true" signature="afterMethod()[pri:0, instance:Tests.TestScripts@17211155]" started-at="2021-07-05T13:27:41 IST" name="afterMethod" finished-at="2021-07-05T13:27:41 IST" duration-ms="0" status="PASS">
          <reporter-output>
          </reporter-output>
        </test-method> <!-- afterMethod -->
        <test-method signature="Login(java.lang.String, java.lang.String)[pri:1, instance:Tests.TestScripts@17211155]" started-at="2021-07-05T13:27:41 IST" name="Login" description="Login process with valid and invalid values" data-provider="Login_credential" finished-at="2021-07-05T13:27:48 IST" duration-ms="6826" status="FAIL">
          <params>
            <param index="0">
              <value>
                <![CDATA[shafeek@melbasi.com]]>
              </value>
            </param>
            <param index="1">
              <value>
                <![CDATA[1233672627626]]>
              </value>
            </param>
          </params>
          <exception class="java.lang.AssertionError">
            <message>
              <![CDATA[null]]>
            </message>
            <full-stacktrace>
              <![CDATA[java.lang.AssertionError: null
at org.testng.Assert.fail(Assert.java:97)
at org.testng.Assert.fail(Assert.java:102)
at pom.loginPo.signIn(loginPo.java:64)
at Tests.TestScripts.Login(TestScripts.java:27)
at java.base/jdk.internal.reflect.NativeMethodAccessorImpl.invoke0(Native Method)
at java.base/jdk.internal.reflect.NativeMethodAccessorImpl.invoke(NativeMethodAccessorImpl.java:78)
at java.base/jdk.internal.reflect.DelegatingMethodAccessorImpl.invoke(DelegatingMethodAccessorImpl.java:43)
at java.base/java.lang.reflect.Method.invoke(Method.java:567)
at org.testng.internal.MethodInvocationHelper.invokeMethod(MethodInvocationHelper.java:133)
at org.testng.internal.TestInvoker.invokeMethod(TestInvoker.java:584)
at org.testng.internal.TestInvoker.invokeTestMethod(TestInvoker.java:172)
at org.testng.internal.MethodRunner.runInSequence(MethodRunner.java:46)
at org.testng.internal.TestInvoker$MethodInvocationAgent.invoke(TestInvoker.java:804)
at org.testng.internal.TestInvoker.invokeTestMethods(TestInvoker.java:145)
at org.testng.internal.TestMethodWorker.invokeTestMethods(TestMethodWorker.java:146)
at org.testng.internal.TestMethodWorker.run(TestMethodWorker.java:128)
at java.base/java.util.concurrent.ThreadPoolExecutor.runWorker(ThreadPoolExecutor.java:1130)
at java.base/java.util.concurrent.ThreadPoolExecutor$Worker.run(ThreadPoolExecutor.java:630)
at java.base/java.lang.Thread.run(Thread.java:831)
]]>
            </full-stacktrace>
          </exception> <!-- java.lang.AssertionError -->
          <reporter-output>
          </reporter-output>
        </test-method> <!-- Login -->
        <test-method is-config="true" signature="beforeMethod()[pri:0, instance:Tests.TestScripts@17211155]" started-at="2021-07-05T13:27:41 IST" name="beforeMethod" finished-at="2021-07-05T13:27:41 IST" duration-ms="0" status="PASS">
          <reporter-output>
          </reporter-output>
        </test-method> <!-- beforeMethod -->
        <test-method is-config="true" signature="afterMethod()[pri:0, instance:Tests.TestScripts@17211155]" started-at="2021-07-05T13:27:48 IST" name="afterMethod" finished-at="2021-07-05T13:27:48 IST" duration-ms="1" status="PASS">
          <reporter-output>
          </reporter-output>
        </test-method> <!-- afterMethod -->
        <test-method signature="Login(java.lang.String, java.lang.String)[pri:1, instance:Tests.TestScripts@17211155]" started-at="2021-07-05T13:27:48 IST" name="Login" description="Login process with valid and invalid values" data-provider="Login_credential" finished-at="2021-07-05T13:28:08 IST" duration-ms="20598" status="PASS">
          <params>
            <param index="0">
              <value>
                <![CDATA[demo@melbasi.com]]>
              </value>
            </param>
            <param index="1">
              <value>
                <![CDATA[1234567890]]>
              </value>
            </param>
          </params>
          <reporter-output>
          </reporter-output>
        </test-method> <!-- Login -->
        <test-method is-config="true" signature="beforeMethod()[pri:0, instance:Tests.TestScripts@17211155]" started-at="2021-07-05T13:27:48 IST" name="beforeMethod" finished-at="2021-07-05T13:27:48 IST" duration-ms="0" status="PASS">
          <reporter-output>
          </reporter-output>
        </test-method> <!-- beforeMethod -->
        <test-method is-config="true" signature="afterMethod()[pri:0, instance:Tests.TestScripts@17211155]" started-at="2021-07-05T13:28:08 IST" name="afterMethod" finished-at="2021-07-05T13:28:08 IST" duration-ms="0" status="PASS">
          <reporter-output>
          </reporter-output>
        </test-method> <!-- afterMethod -->
        <test-method is-config="true" signature="teardown()[pri:0, instance:Tests.TestScripts@17211155]" started-at="2021-07-05T13:28:08 IST" name="teardown" finished-at="2021-07-05T13:28:10 IST" duration-ms="1950" status="PASS">
          <reporter-output>
          </reporter-output>
        </test-method> <!-- teardown -->
      </class> <!-- Tests.TestScripts -->
    </test> <!-- TestOnFirefox -->
  </suite> <!-- New SUite for testing parallel -->
</testng-results>
